SF:test\src\commands\report\fixtures\fake_project_2\lib\src\exception.dart
DA:6,1
LF:1
LH:1
end_of_record
SF:test\src\commands\report\fixtures\fake_project_2\lib\src\fake_project_2.dart
DA:6,1
LF:1
LH:1
end_of_record
SF:test\src\commands\report\fixtures\fake_project_2\lib\src\models\model_1.dart
DA:9,1
DA:16,0
DA:20,0
DA:23,0
DA:24,0
LF:5
LH:1
end_of_record
SF:test\src\commands\report\fixtures\fake_project_2\lib\src\models\model_2.dart
DA:9,1
DA:16,0
DA:20,0
DA:23,0
DA:24,0
LF:5
LH:1
end_of_record
SF:test\src\commands\report\fixtures\fake_project_2\lib\src\models\model_3.dart
DA:9,1
DA:16,0
DA:20,0
DA:23,0
DA:24,0
LF:5
LH:1
end_of_record
SF:test\src\commands\report\fixtures\fake_project_2\lib\src\utils.dart
DA:4,5
LF:1
LH:1
end_of_record
